<?xml version="1.0" encoding="UTF-8"?>
<coverage generated="1681978065238" clover="3.2.0">
  <project timestamp="1681978065238" name="All files">
    <metrics statements="5" coveredstatements="3" conditionals="0" coveredconditionals="0" methods="3" coveredmethods="1" elements="8" coveredelements="4" complexity="0" loc="5" ncloc="5" packages="1" files="1" classes="1"/>
    <file name="calculation.js" path="/home/ray/Desktop/js-testing/calculation.js">
      <metrics statements="5" coveredstatements="3" conditionals="0" coveredconditionals="0" methods="3" coveredmethods="1"/>
      <line num="1" count="1" type="stmt"/>
      <line num="3" count="1" type="stmt"/>
      <line num="6" count="0" type="stmt"/>
      <line num="9" count="0" type="stmt"/>
      <line num="13" count="1" type="stmt"/>
    </file>
  </project>
</coverage>
