{"/home/ray/Desktop/js-testing/calculation.js": {"path":"/home/ray/Desktop/js-testing/calculation.js","statementMap":{"0":{"start":{"line":1,"column":23},"end":{"line":11,"column":1}},"1":{"start":{"line":3,"column":8},"end":{"line":3,"column":19}},"2":{"start":{"line":6,"column":8},"end":{"line":6,"column":19}},"3":{"start":{"line":9,"column":8},"end":{"line":9,"column":19}},"4":{"start":{"line":13,"column":0},"end":{"line":13,"column":32}}},"fnMap":{"0":{"name":"(anonymous_0)","decl":{"start":{"line":2,"column":9},"end":{"line":2,"column":10}},"loc":{"start":{"line":2,"column":22},"end":{"line":4,"column":5}},"line":2},"1":{"name":"(anonymous_1)","decl":{"start":{"line":5,"column":13},"end":{"line":5,"column":14}},"loc":{"start":{"line":5,"column":26},"end":{"line":7,"column":5}},"line":5},"2":{"name":"(anonymous_2)","decl":{"start":{"line":8,"column":10},"end":{"line":8,"column":11}},"loc":{"start":{"line":8,"column":23},"end":{"line":10,"column":5}},"line":8}},"branchMap":{},"s":{"0":1,"1":1,"2":0,"3":0,"4":1},"f":{"0":1,"1":0,"2":0},"b":{},"_coverageSchema":"1a1c01bbd47fc00a2c39e90264f33305004495a9","hash":"0250de4d70f5217fcbd8ea0cc75c0d5e6a7cfb87"}
}
